<?xml version="1.0" encoding="UTF-8"?>
<!-- Generated by org.testng.reporters.JUnitXMLReporter -->
<testsuite ignored="0" hostname="TULP048" failures="0" tests="6" name="Test" time="1.518" errors="0" timestamp="27 Jun 2023 11:13:43 GMT">
  <testcase classname="com.testing.test.testscripts.TestCase01_Postrequest" name="postRequest" time="1.249"/>
  <testcase classname="com.testing.test.testscripts.TestCase02_GetAllrequest" name="GetAlldata" time="0.067"/>
  <testcase classname="com.testing.test.testscripts.TestCase03_GetParticularrequest" name="getParticularreq" time="0.042"/>
  <testcase classname="com.testing.test.testscripts.TestCase04_DeleteParticularrequest" name="deleteParticularData" time="0.047"/>
  <testcase classname="com.testing.test.testscripts.TestCase05_PutParticularrequest" name="updateParticularData" time="0.047"/>
  <testcase classname="com.testing.test.testscripts.TestCase06_Patchrequest" name="patchRequest" time="0.048"/>
</testsuite> <!-- Test -->
