<?xml version="1.0" encoding="UTF-8"?>
<!-- Generated by org.testng.reporters.JUnitXMLReporter -->
<testsuite ignored="0" hostname="TULP048" failures="0" tests="6" name="Test" time="1.419" errors="0" timestamp="20 Jun 2023 12:21:02 GMT">
  <testcase classname="com.testing.test.testscripts.TestCase01_Postrequest" name="postRequest" time="1.163"/>
  <testcase classname="com.testing.test.testscripts.TestCase02_GetAllrequest" name="GetAlldata" time="0.067"/>
  <testcase classname="com.testing.test.testscripts.TestCase03_GetParticularrequest" name="getParticularreq" time="0.043"/>
  <testcase classname="com.testing.test.testscripts.TestCase04_DeleteParticularrequest" name="deleteParticularData" time="0.048"/>
  <testcase classname="com.testing.test.testscripts.TestCase05_PutParticularrequest" name="updateParticularData" time="0.046"/>
  <testcase classname="com.testing.test.testscripts.TestCase06_Patchrequest" name="patchRequest" time="0.03"/>
</testsuite> <!-- Test -->
