<?xml version="1.0" encoding="UTF-8"?>
<testng-results ignored="0" total="6" passed="6" failed="0" skipped="0">
  <reporter-output>
  </reporter-output>
  <suite started-at="2023-06-20T12:21:01Z" name="Suite" finished-at="2023-06-20T12:21:02Z" duration-ms="1419">
    <groups>
    </groups>
    <test started-at="2023-06-20T12:21:01Z" name="Test" finished-at="2023-06-20T12:21:02Z" duration-ms="1419">
      <class name="com.testing.test.testscripts.TestCase04_DeleteParticularrequest">
        <test-method signature="deleteParticularData()[pri:0, instance:com.testing.test.testscripts.TestCase04_DeleteParticularrequest@6853425f]" started-at="2023-06-20T17:51:02Z" name="deleteParticularData" finished-at="2023-06-20T17:51:02Z" duration-ms="48" status="PASS">
          <reporter-output>
          </reporter-output>
        </test-method> <!-- deleteParticularData -->
      </class> <!-- com.testing.test.testscripts.TestCase04_DeleteParticularrequest -->
      <class name="com.testing.test.testscripts.TestCase01_Postrequest">
        <test-method signature="postRequest()[pri:0, instance:com.testing.test.testscripts.TestCase01_Postrequest@4278284b]" started-at="2023-06-20T17:51:01Z" name="postRequest" finished-at="2023-06-20T17:51:02Z" duration-ms="1163" status="PASS">
          <reporter-output>
          </reporter-output>
        </test-method> <!-- postRequest -->
      </class> <!-- com.testing.test.testscripts.TestCase01_Postrequest -->
      <class name="com.testing.test.testscripts.TestCase05_PutParticularrequest">
        <test-method signature="updateParticularData()[pri:0, instance:com.testing.test.testscripts.TestCase05_PutParticularrequest@352c1b98]" started-at="2023-06-20T17:51:02Z" name="updateParticularData" finished-at="2023-06-20T17:51:02Z" duration-ms="46" status="PASS">
          <reporter-output>
          </reporter-output>
        </test-method> <!-- updateParticularData -->
      </class> <!-- com.testing.test.testscripts.TestCase05_PutParticularrequest -->
      <class name="com.testing.test.testscripts.TestCase02_GetAllrequest">
        <test-method signature="GetAlldata()[pri:0, instance:com.testing.test.testscripts.TestCase02_GetAllrequest@63eef88a]" started-at="2023-06-20T17:51:02Z" name="GetAlldata" finished-at="2023-06-20T17:51:02Z" duration-ms="67" status="PASS">
          <reporter-output>
          </reporter-output>
        </test-method> <!-- GetAlldata -->
      </class> <!-- com.testing.test.testscripts.TestCase02_GetAllrequest -->
      <class name="com.testing.test.testscripts.TestCase03_GetParticularrequest">
        <test-method signature="getParticularreq()[pri:0, instance:com.testing.test.testscripts.TestCase03_GetParticularrequest@53251a66]" started-at="2023-06-20T17:51:02Z" name="getParticularreq" finished-at="2023-06-20T17:51:02Z" duration-ms="43" status="PASS">
          <reporter-output>
          </reporter-output>
        </test-method> <!-- getParticularreq -->
      </class> <!-- com.testing.test.testscripts.TestCase03_GetParticularrequest -->
      <class name="com.testing.test.testscripts.TestCase06_Patchrequest">
        <test-method signature="patchRequest()[pri:0, instance:com.testing.test.testscripts.TestCase06_Patchrequest@21129f1f]" started-at="2023-06-20T17:51:02Z" name="patchRequest" finished-at="2023-06-20T17:51:02Z" duration-ms="30" status="PASS">
          <reporter-output>
          </reporter-output>
        </test-method> <!-- patchRequest -->
      </class> <!-- com.testing.test.testscripts.TestCase06_Patchrequest -->
    </test> <!-- Test -->
  </suite> <!-- Suite -->
</testng-results>
