<?xml version="1.0" encoding="UTF-8"?>
<testng-results ignored="0" total="6" passed="6" failed="0" skipped="0">
  <reporter-output>
  </reporter-output>
  <suite started-at="2023-06-27T11:24:45Z" name="Suite" finished-at="2023-06-27T11:24:46Z" duration-ms="1527">
    <groups>
    </groups>
    <test started-at="2023-06-27T11:24:45Z" name="Test" finished-at="2023-06-27T11:24:46Z" duration-ms="1527">
      <class name="com.testing.test.testscripts.TestCase04_DeleteParticularrequest">
        <test-method signature="deleteParticularData()[pri:0, instance:com.testing.test.testscripts.TestCase04_DeleteParticularrequest@43c1b556]" started-at="2023-06-27T16:54:46Z" name="deleteParticularData" finished-at="2023-06-27T16:54:46Z" duration-ms="45" status="PASS">
          <reporter-output>
          </reporter-output>
        </test-method> <!-- deleteParticularData -->
      </class> <!-- com.testing.test.testscripts.TestCase04_DeleteParticularrequest -->
      <class name="com.testing.test.testscripts.TestCase05_PutParticularrequest">
        <test-method signature="updateParticularData()[pri:0, instance:com.testing.test.testscripts.TestCase05_PutParticularrequest@587e5365]" started-at="2023-06-27T16:54:46Z" name="updateParticularData" finished-at="2023-06-27T16:54:46Z" duration-ms="47" status="PASS">
          <reporter-output>
          </reporter-output>
        </test-method> <!-- updateParticularData -->
      </class> <!-- com.testing.test.testscripts.TestCase05_PutParticularrequest -->
      <class name="com.testing.test.testscripts.TestCase01_Postrequest">
        <test-method signature="postRequest()[pri:0, instance:com.testing.test.testscripts.TestCase01_Postrequest@69453e37]" started-at="2023-06-27T16:54:45Z" name="postRequest" finished-at="2023-06-27T16:54:46Z" duration-ms="1252" status="PASS">
          <reporter-output>
          </reporter-output>
        </test-method> <!-- postRequest -->
      </class> <!-- com.testing.test.testscripts.TestCase01_Postrequest -->
      <class name="com.testing.test.testscripts.TestCase02_GetAllrequest">
        <test-method signature="GetAlldata()[pri:0, instance:com.testing.test.testscripts.TestCase02_GetAllrequest@7dc0f706]" started-at="2023-06-27T16:54:46Z" name="GetAlldata" finished-at="2023-06-27T16:54:46Z" duration-ms="67" status="PASS">
          <reporter-output>
          </reporter-output>
        </test-method> <!-- GetAlldata -->
      </class> <!-- com.testing.test.testscripts.TestCase02_GetAllrequest -->
      <class name="com.testing.test.testscripts.TestCase03_GetParticularrequest">
        <test-method signature="getParticularreq()[pri:0, instance:com.testing.test.testscripts.TestCase03_GetParticularrequest@4009e306]" started-at="2023-06-27T16:54:46Z" name="getParticularreq" finished-at="2023-06-27T16:54:46Z" duration-ms="44" status="PASS">
          <reporter-output>
          </reporter-output>
        </test-method> <!-- getParticularreq -->
      </class> <!-- com.testing.test.testscripts.TestCase03_GetParticularrequest -->
      <class name="com.testing.test.testscripts.TestCase06_Patchrequest">
        <test-method signature="patchRequest()[pri:0, instance:com.testing.test.testscripts.TestCase06_Patchrequest@22fcf7ab]" started-at="2023-06-27T16:54:46Z" name="patchRequest" finished-at="2023-06-27T16:54:46Z" duration-ms="49" status="PASS">
          <reporter-output>
          </reporter-output>
        </test-method> <!-- patchRequest -->
      </class> <!-- com.testing.test.testscripts.TestCase06_Patchrequest -->
    </test> <!-- Test -->
  </suite> <!-- Suite -->
</testng-results>
